2022-03-20 23:04:25,525  INFO [main] TestBase:40 -  Starting test case execution 
2022-03-20 23:04:37,076  INFO [main] TestBase:69 - entering application URL
2022-03-20 23:04:37,076  WARN [main] TestBase:70 - Hey this is just a warning message
2022-03-20 23:04:37,076 FATAL [main] TestBase:71 - Hey this is just fatal error message
2022-03-20 23:04:37,076 DEBUG [main] TestBase:72 - this is debug message
2022-03-20 23:04:37,121  INFO [main] LoginPageTest:56 -  Starting test case 
2022-03-20 23:04:37,126  INFO [main] LoginPageTest:57 -  getLoginTestdata 
2022-03-20 23:04:37,551  INFO [main] LoginPageTest:62 -  Ending test case
2022-03-20 23:04:37,556  INFO [main] LoginPageTest:63 -  getLoginTestdata 
2022-03-20 23:04:45,626  INFO [main] LoginPageTest:74 -  Browser is closed 
2022-03-20 23:04:45,626  INFO [main] TestBase:40 -  Starting test case execution 
2022-03-20 23:04:51,421  INFO [main] TestBase:69 - entering application URL
2022-03-20 23:04:51,421  WARN [main] TestBase:70 - Hey this is just a warning message
2022-03-20 23:04:51,421 FATAL [main] TestBase:71 - Hey this is just fatal error message
2022-03-20 23:04:51,426 DEBUG [main] TestBase:72 - this is debug message
2022-03-20 23:04:51,426  INFO [main] LoginPageTest:56 -  Starting test case 
2022-03-20 23:04:51,431  INFO [main] LoginPageTest:57 -  getLoginTestdata 
2022-03-20 23:04:51,936  INFO [main] LoginPageTest:62 -  Ending test case
2022-03-20 23:04:51,936  INFO [main] LoginPageTest:63 -  getLoginTestdata 
2022-03-20 23:04:59,926  INFO [main] LoginPageTest:74 -  Browser is closed 
2022-03-20 23:08:48,655  INFO [main] TestBase:40 -  Starting test case execution 
2022-03-20 23:08:56,090  INFO [main] TestBase:69 - entering application URL
2022-03-20 23:08:56,090  WARN [main] TestBase:70 - Hey this is just a warning message
2022-03-20 23:08:56,090 FATAL [main] TestBase:71 - Hey this is just fatal error message
2022-03-20 23:08:56,090 DEBUG [main] TestBase:72 - this is debug message
2022-03-20 23:08:56,126  INFO [main] LoginPageTest:56 -  Starting test case 
2022-03-20 23:08:56,131  INFO [main] LoginPageTest:57 -  getLoginTestdata 
2022-03-20 23:08:56,541  INFO [main] LoginPageTest:62 -  Ending test case
2022-03-20 23:08:56,541  INFO [main] LoginPageTest:63 -  getLoginTestdata 
2022-03-20 23:09:04,655  INFO [main] LoginPageTest:74 -  Browser is closed 
2022-03-20 23:09:04,655  INFO [main] TestBase:40 -  Starting test case execution 
2022-03-20 23:09:10,535  INFO [main] TestBase:69 - entering application URL
2022-03-20 23:09:10,535  WARN [main] TestBase:70 - Hey this is just a warning message
2022-03-20 23:09:10,535 FATAL [main] TestBase:71 - Hey this is just fatal error message
2022-03-20 23:09:10,535 DEBUG [main] TestBase:72 - this is debug message
2022-03-20 23:09:10,535  INFO [main] LoginPageTest:56 -  Starting test case 
2022-03-20 23:09:10,535  INFO [main] LoginPageTest:57 -  getLoginTestdata 
2022-03-20 23:09:11,016  INFO [main] LoginPageTest:62 -  Ending test case
2022-03-20 23:09:11,016  INFO [main] LoginPageTest:63 -  getLoginTestdata 
2022-03-20 23:09:18,986  INFO [main] LoginPageTest:74 -  Browser is closed 
2022-03-20 23:09:18,996  INFO [main] TestBase:40 -  Starting test case execution 
2022-03-20 23:09:24,216  INFO [main] TestBase:69 - entering application URL
2022-03-20 23:09:24,216  WARN [main] TestBase:70 - Hey this is just a warning message
2022-03-20 23:09:24,216 FATAL [main] TestBase:71 - Hey this is just fatal error message
2022-03-20 23:09:24,216 DEBUG [main] TestBase:72 - this is debug message
2022-03-20 23:09:24,216  INFO [main] LoginPageTest:33 -  Starting test case 
2022-03-20 23:09:24,216  INFO [main] LoginPageTest:34 -  loginPageTitleTest
2022-03-20 23:09:24,231  INFO [main] LoginPageTest:37 - Login Page title is---->Facebook – log in or sign up
2022-03-20 23:09:24,236  INFO [main] LoginPageTest:40 -  Ending test case 
2022-03-20 23:09:24,236  INFO [main] LoginPageTest:41 -  loginPageTitleTest 
2022-03-20 23:09:32,696  INFO [main] LoginPageTest:74 -  Browser is closed 
2022-03-22 09:47:56,711  INFO [main] TestBase:40 -  Starting test case execution 
2022-03-22 09:48:07,868  INFO [main] TestBase:69 - entering application URL
2022-03-22 09:48:07,868  WARN [main] TestBase:70 - Hey this is just a warning message
2022-03-22 09:48:07,868 FATAL [main] TestBase:71 - Hey this is just fatal error message
2022-03-22 09:48:07,876 DEBUG [main] TestBase:72 - this is debug message
2022-03-22 09:48:07,916  INFO [main] LoginPageTest:52 -  Starting test case 
2022-03-22 09:48:07,916  INFO [main] LoginPageTest:53 -  getLoginTestdata 
2022-03-22 09:48:08,461  INFO [main] LoginPageTest:58 -  Ending test case
2022-03-22 09:48:08,461  INFO [main] LoginPageTest:59 -  getLoginTestdata 
2022-03-22 09:48:16,584  INFO [main] LoginPageTest:70 -  Browser is closed 
2022-03-22 09:48:16,584  INFO [main] TestBase:40 -  Starting test case execution 
2022-03-22 09:48:22,648  INFO [main] TestBase:69 - entering application URL
2022-03-22 09:48:22,648  WARN [main] TestBase:70 - Hey this is just a warning message
2022-03-22 09:48:22,648 FATAL [main] TestBase:71 - Hey this is just fatal error message
2022-03-22 09:48:22,648 DEBUG [main] TestBase:72 - this is debug message
2022-03-22 09:48:22,648  INFO [main] LoginPageTest:52 -  Starting test case 
2022-03-22 09:48:22,656  INFO [main] LoginPageTest:53 -  getLoginTestdata 
2022-03-22 09:48:23,089  INFO [main] LoginPageTest:58 -  Ending test case
2022-03-22 09:48:23,089  INFO [main] LoginPageTest:59 -  getLoginTestdata 
2022-03-22 09:48:31,007  INFO [main] LoginPageTest:70 -  Browser is closed 
2022-03-22 09:48:31,007  INFO [main] TestBase:40 -  Starting test case execution 
2022-03-22 09:48:36,462  INFO [main] TestBase:69 - entering application URL
2022-03-22 09:48:36,470  WARN [main] TestBase:70 - Hey this is just a warning message
2022-03-22 09:48:36,470 FATAL [main] TestBase:71 - Hey this is just fatal error message
2022-03-22 09:48:36,470 DEBUG [main] TestBase:72 - this is debug message
2022-03-22 09:48:36,470  INFO [main] LoginPageTest:33 -  Starting test case 
2022-03-22 09:48:36,470  INFO [main] LoginPageTest:34 -  loginPageTitleTest
2022-03-22 09:48:36,478  INFO [main] LoginPageTest:37 - Login Page title is---->Facebook – log in or sign up
2022-03-22 09:48:36,486  INFO [main] LoginPageTest:40 -  Ending test case 
2022-03-22 09:48:36,486  INFO [main] LoginPageTest:41 -  loginPageTitleTest 
2022-03-22 09:48:44,400  INFO [main] LoginPageTest:70 -  Browser is closed 
2022-03-22 14:11:26,429  INFO [main] TestBase:40 -  Starting test case execution 
2022-03-22 14:11:40,936  INFO [main] TestBase:69 - entering application URL
2022-03-22 14:11:40,936  WARN [main] TestBase:70 - Hey this is just a warning message
2022-03-22 14:11:40,936 FATAL [main] TestBase:71 - Hey this is just fatal error message
2022-03-22 14:11:40,936 DEBUG [main] TestBase:72 - this is debug message
2022-03-22 14:11:41,137  INFO [main] LoginPageTest:33 -  Starting test case 
2022-03-22 14:11:41,145  INFO [main] LoginPageTest:34 -  loginPageTitleTest
2022-03-22 14:11:41,181  INFO [main] LoginPageTest:37 - Login Page title is---->Facebook – log in or sign up
2022-03-22 14:11:41,181  INFO [main] LoginPageTest:40 -  Ending test case 
2022-03-22 14:11:41,181  INFO [main] LoginPageTest:41 -  loginPageTitleTest 
2022-03-22 14:11:49,549  INFO [main] LoginPageTest:70 -  Browser is closed 
2022-03-22 14:13:15,338  INFO [main] TestBase:40 -  Starting test case execution 
2022-03-22 14:13:22,017  INFO [main] TestBase:69 - entering application URL
2022-03-22 14:13:22,017  WARN [main] TestBase:70 - Hey this is just a warning message
2022-03-22 14:13:22,017 FATAL [main] TestBase:71 - Hey this is just fatal error message
2022-03-22 14:13:22,025 DEBUG [main] TestBase:72 - this is debug message
2022-03-22 14:13:22,065  INFO [main] LoginPageTest:52 -  Starting test case 
2022-03-22 14:13:22,065  INFO [main] LoginPageTest:53 -  getLoginTestdata 
2022-03-22 14:13:22,492  INFO [main] LoginPageTest:58 -  Ending test case
2022-03-22 14:13:22,492  INFO [main] LoginPageTest:59 -  getLoginTestdata 
2022-03-22 14:13:30,402  INFO [main] LoginPageTest:70 -  Browser is closed 
2022-03-22 14:13:30,402  INFO [main] TestBase:40 -  Starting test case execution 
2022-03-22 14:13:35,597  INFO [main] TestBase:69 - entering application URL
2022-03-22 14:13:35,597  WARN [main] TestBase:70 - Hey this is just a warning message
2022-03-22 14:13:35,597 FATAL [main] TestBase:71 - Hey this is just fatal error message
2022-03-22 14:13:35,597 DEBUG [main] TestBase:72 - this is debug message
2022-03-22 14:13:35,605  INFO [main] LoginPageTest:52 -  Starting test case 
2022-03-22 14:13:35,605  INFO [main] LoginPageTest:53 -  getLoginTestdata 
2022-03-22 14:13:36,019  INFO [main] LoginPageTest:58 -  Ending test case
2022-03-22 14:13:36,027  INFO [main] LoginPageTest:59 -  getLoginTestdata 
2022-03-22 14:13:43,905  INFO [main] LoginPageTest:70 -  Browser is closed 
2022-03-22 14:13:43,905  INFO [main] TestBase:40 -  Starting test case execution 
2022-03-22 14:13:49,096  INFO [main] TestBase:69 - entering application URL
2022-03-22 14:13:49,096  WARN [main] TestBase:70 - Hey this is just a warning message
2022-03-22 14:13:49,096 FATAL [main] TestBase:71 - Hey this is just fatal error message
2022-03-22 14:13:49,096 DEBUG [main] TestBase:72 - this is debug message
2022-03-22 14:13:49,096  INFO [main] LoginPageTest:33 -  Starting test case 
2022-03-22 14:13:49,096  INFO [main] LoginPageTest:34 -  loginPageTitleTest
2022-03-22 14:13:49,112  INFO [main] LoginPageTest:37 - Login Page title is---->Facebook – log in or sign up
2022-03-22 14:13:49,112  INFO [main] LoginPageTest:40 -  Ending test case 
2022-03-22 14:13:49,112  INFO [main] LoginPageTest:41 -  loginPageTitleTest 
2022-03-22 14:13:57,425  INFO [main] LoginPageTest:70 -  Browser is closed 
2022-03-23 13:14:06,183  INFO [main] TestBase:40 -  Starting test case execution 
2022-03-23 13:14:19,014  INFO [main] TestBase:69 - entering application URL
2022-03-23 13:14:19,014  WARN [main] TestBase:70 - Hey this is just a warning message
2022-03-23 13:14:19,014 FATAL [main] TestBase:71 - Hey this is just fatal error message
2022-03-23 13:14:19,014 DEBUG [main] TestBase:72 - this is debug message
2022-03-23 13:14:19,061  INFO [main] LoginPageTest:52 -  Starting test case 
2022-03-23 13:14:19,061  INFO [main] LoginPageTest:53 -  getLoginTestdata 
2022-03-23 13:14:19,469  INFO [main] LoginPageTest:58 -  Ending test case
2022-03-23 13:14:19,469  INFO [main] LoginPageTest:59 -  getLoginTestdata 
2022-03-23 13:14:27,426  INFO [main] LoginPageTest:70 -  Browser is closed 
2022-03-23 13:14:27,426  INFO [main] TestBase:40 -  Starting test case execution 
2022-03-23 13:14:35,353  INFO [main] TestBase:69 - entering application URL
2022-03-23 13:14:35,361  WARN [main] TestBase:70 - Hey this is just a warning message
2022-03-23 13:14:35,361 FATAL [main] TestBase:71 - Hey this is just fatal error message
2022-03-23 13:14:35,361 DEBUG [main] TestBase:72 - this is debug message
2022-03-23 13:14:35,361  INFO [main] LoginPageTest:52 -  Starting test case 
2022-03-23 13:14:35,377  INFO [main] LoginPageTest:53 -  getLoginTestdata 
2022-03-23 13:14:35,839  INFO [main] LoginPageTest:58 -  Ending test case
2022-03-23 13:14:35,839  INFO [main] LoginPageTest:59 -  getLoginTestdata 
2022-03-23 13:14:43,759  INFO [main] LoginPageTest:70 -  Browser is closed 
2022-03-23 13:14:43,759  INFO [main] TestBase:40 -  Starting test case execution 
2022-03-23 13:14:49,411  INFO [main] TestBase:69 - entering application URL
2022-03-23 13:14:49,411  WARN [main] TestBase:70 - Hey this is just a warning message
2022-03-23 13:14:49,411 FATAL [main] TestBase:71 - Hey this is just fatal error message
2022-03-23 13:14:49,411 DEBUG [main] TestBase:72 - this is debug message
2022-03-23 13:14:49,411  INFO [main] LoginPageTest:33 -  Starting test case 
2022-03-23 13:14:49,411  INFO [main] LoginPageTest:34 -  loginPageTitleTest
2022-03-23 13:14:49,427  INFO [main] LoginPageTest:37 - Login Page title is---->Facebook – log in or sign up
2022-03-23 13:14:49,427  INFO [main] LoginPageTest:40 -  Ending test case 
2022-03-23 13:14:49,427  INFO [main] LoginPageTest:41 -  loginPageTitleTest 
2022-03-23 13:14:57,356  INFO [main] LoginPageTest:70 -  Browser is closed 
2022-03-23 15:26:14,758  INFO [main] TestBase:40 -  Starting test case execution 
2022-03-23 15:26:24,170  INFO [main] TestBase:69 - entering application URL
2022-03-23 15:26:24,171  WARN [main] TestBase:70 - Hey this is just a warning message
2022-03-23 15:26:24,172 FATAL [main] TestBase:71 - Hey this is just fatal error message
2022-03-23 15:26:24,173 DEBUG [main] TestBase:72 - this is debug message
2022-03-23 15:26:24,219  INFO [main] LoginPageTest:52 -  Starting test case 
2022-03-23 15:26:24,219  INFO [main] LoginPageTest:53 -  getLoginTestdata 
2022-03-23 15:26:24,584  INFO [main] LoginPageTest:58 -  Ending test case
2022-03-23 15:26:24,584  INFO [main] LoginPageTest:59 -  getLoginTestdata 
2022-03-23 15:26:32,567  INFO [main] LoginPageTest:70 -  Browser is closed 
2022-03-23 15:26:32,570  INFO [main] TestBase:40 -  Starting test case execution 
2022-03-23 15:26:37,601  INFO [main] TestBase:69 - entering application URL
2022-03-23 15:26:37,601  WARN [main] TestBase:70 - Hey this is just a warning message
2022-03-23 15:26:37,604 FATAL [main] TestBase:71 - Hey this is just fatal error message
2022-03-23 15:26:37,605 DEBUG [main] TestBase:72 - this is debug message
2022-03-23 15:26:37,608  INFO [main] LoginPageTest:52 -  Starting test case 
2022-03-23 15:26:37,610  INFO [main] LoginPageTest:53 -  getLoginTestdata 
2022-03-23 15:26:38,014  INFO [main] LoginPageTest:58 -  Ending test case
2022-03-23 15:26:38,014  INFO [main] LoginPageTest:59 -  getLoginTestdata 
2022-03-23 15:26:45,975  INFO [main] LoginPageTest:70 -  Browser is closed 
2022-03-23 15:26:45,984  INFO [main] TestBase:40 -  Starting test case execution 
2022-03-23 15:26:50,913  INFO [main] TestBase:69 - entering application URL
2022-03-23 15:26:50,914  WARN [main] TestBase:70 - Hey this is just a warning message
2022-03-23 15:26:50,914 FATAL [main] TestBase:71 - Hey this is just fatal error message
2022-03-23 15:26:50,914 DEBUG [main] TestBase:72 - this is debug message
2022-03-23 15:26:50,916  INFO [main] LoginPageTest:33 -  Starting test case 
2022-03-23 15:26:50,916  INFO [main] LoginPageTest:34 -  loginPageTitleTest
2022-03-23 15:26:50,924  INFO [main] LoginPageTest:37 - Login Page title is---->Facebook – log in or sign up
2022-03-23 15:26:50,961  INFO [main] LoginPageTest:40 -  Ending test case 
2022-03-23 15:26:50,961  INFO [main] LoginPageTest:41 -  loginPageTitleTest 
2022-03-23 15:26:59,317  INFO [main] LoginPageTest:70 -  Browser is closed 
2022-03-23 15:39:27,303  INFO [main] TestBase:40 -  Starting test case execution 
2022-03-23 15:39:34,158  INFO [main] TestBase:69 - entering application URL
2022-03-23 15:39:34,158  WARN [main] TestBase:70 - Hey this is just a warning message
2022-03-23 15:39:34,159 FATAL [main] TestBase:71 - Hey this is just fatal error message
2022-03-23 15:39:34,159 DEBUG [main] TestBase:72 - this is debug message
2022-03-23 15:39:34,193  INFO [main] LoginPageTest:52 -  Starting test case 
2022-03-23 15:39:34,193  INFO [main] LoginPageTest:53 -  getLoginTestdata 
2022-03-23 15:39:34,521  INFO [main] LoginPageTest:58 -  Ending test case
2022-03-23 15:39:34,522  INFO [main] LoginPageTest:59 -  getLoginTestdata 
2022-03-23 15:39:42,592  INFO [main] LoginPageTest:70 -  Browser is closed 
2022-03-23 15:39:42,593  INFO [main] TestBase:40 -  Starting test case execution 
2022-03-23 15:39:48,901  INFO [main] TestBase:69 - entering application URL
2022-03-23 15:39:48,902  WARN [main] TestBase:70 - Hey this is just a warning message
2022-03-23 15:39:48,902 FATAL [main] TestBase:71 - Hey this is just fatal error message
2022-03-23 15:39:48,903 DEBUG [main] TestBase:72 - this is debug message
2022-03-23 15:39:48,910  INFO [main] LoginPageTest:52 -  Starting test case 
2022-03-23 15:39:48,912  INFO [main] LoginPageTest:53 -  getLoginTestdata 
2022-03-23 15:39:49,277  INFO [main] LoginPageTest:58 -  Ending test case
2022-03-23 15:39:49,277  INFO [main] LoginPageTest:59 -  getLoginTestdata 
2022-03-23 15:39:57,289  INFO [main] LoginPageTest:70 -  Browser is closed 
2022-03-23 15:39:57,296  INFO [main] TestBase:40 -  Starting test case execution 
2022-03-23 15:40:02,750  INFO [main] TestBase:69 - entering application URL
2022-03-23 15:40:02,750  WARN [main] TestBase:70 - Hey this is just a warning message
2022-03-23 15:40:02,750 FATAL [main] TestBase:71 - Hey this is just fatal error message
2022-03-23 15:40:02,751 DEBUG [main] TestBase:72 - this is debug message
2022-03-23 15:40:02,752  INFO [main] LoginPageTest:33 -  Starting test case 
2022-03-23 15:40:02,752  INFO [main] LoginPageTest:34 -  loginPageTitleTest
2022-03-23 15:40:02,761  INFO [main] LoginPageTest:37 - Login Page title is---->Facebook – log in or sign up
2022-03-23 15:40:02,766  INFO [main] LoginPageTest:40 -  Ending test case 
2022-03-23 15:40:02,766  INFO [main] LoginPageTest:41 -  loginPageTitleTest 
2022-03-23 15:40:10,641  INFO [main] LoginPageTest:70 -  Browser is closed 
2022-03-23 15:43:03,411  INFO [main] TestBase:40 -  Starting test case execution 
2022-03-23 15:43:10,401  INFO [main] TestBase:69 - entering application URL
2022-03-23 15:43:10,403  WARN [main] TestBase:70 - Hey this is just a warning message
2022-03-23 15:43:10,404 FATAL [main] TestBase:71 - Hey this is just fatal error message
2022-03-23 15:43:10,404 DEBUG [main] TestBase:72 - this is debug message
2022-03-23 15:43:10,447  INFO [main] LoginPageTest:52 -  Starting test case 
2022-03-23 15:43:10,448  INFO [main] LoginPageTest:53 -  getLoginTestdata 
2022-03-23 15:43:10,755  INFO [main] LoginPageTest:58 -  Ending test case
2022-03-23 15:43:10,755  INFO [main] LoginPageTest:59 -  getLoginTestdata 
2022-03-23 15:43:18,737  INFO [main] LoginPageTest:70 -  Browser is closed 
2022-03-23 15:43:18,740  INFO [main] TestBase:40 -  Starting test case execution 
2022-03-23 15:43:23,728  INFO [main] TestBase:69 - entering application URL
2022-03-23 15:43:23,729  WARN [main] TestBase:70 - Hey this is just a warning message
2022-03-23 15:43:23,730 FATAL [main] TestBase:71 - Hey this is just fatal error message
2022-03-23 15:43:23,730 DEBUG [main] TestBase:72 - this is debug message
2022-03-23 15:43:23,732  INFO [main] LoginPageTest:52 -  Starting test case 
2022-03-23 15:43:23,734  INFO [main] LoginPageTest:53 -  getLoginTestdata 
2022-03-23 15:43:24,077  INFO [main] LoginPageTest:58 -  Ending test case
2022-03-23 15:43:24,077  INFO [main] LoginPageTest:59 -  getLoginTestdata 
2022-03-23 15:43:31,963  INFO [main] LoginPageTest:70 -  Browser is closed 
2022-03-23 15:43:31,967  INFO [main] TestBase:40 -  Starting test case execution 
2022-03-23 15:43:36,990  INFO [main] TestBase:69 - entering application URL
2022-03-23 15:43:36,991  WARN [main] TestBase:70 - Hey this is just a warning message
2022-03-23 15:43:36,994 FATAL [main] TestBase:71 - Hey this is just fatal error message
2022-03-23 15:43:36,994 DEBUG [main] TestBase:72 - this is debug message
2022-03-23 15:43:36,998  INFO [main] LoginPageTest:33 -  Starting test case 
2022-03-23 15:43:36,998  INFO [main] LoginPageTest:34 -  loginPageTitleTest
2022-03-23 15:43:37,013  INFO [main] LoginPageTest:37 - Login Page title is---->Facebook – log in or sign up
2022-03-23 15:43:37,017  INFO [main] LoginPageTest:40 -  Ending test case 
2022-03-23 15:43:37,017  INFO [main] LoginPageTest:41 -  loginPageTitleTest 
2022-03-23 15:43:44,963  INFO [main] LoginPageTest:70 -  Browser is closed 
2022-03-23 15:47:40,072  INFO [main] TestBase:40 -  Starting test case execution 
2022-03-23 15:47:46,903  INFO [main] TestBase:69 - entering application URL
2022-03-23 15:47:46,905  WARN [main] TestBase:70 - Hey this is just a warning message
2022-03-23 15:47:46,906 FATAL [main] TestBase:71 - Hey this is just fatal error message
2022-03-23 15:47:46,907 DEBUG [main] TestBase:72 - this is debug message
2022-03-23 15:47:46,942  INFO [main] LoginPageTest:52 -  Starting test case 
2022-03-23 15:47:46,942  INFO [main] LoginPageTest:53 -  getLoginTestdata 
2022-03-23 15:47:47,272  INFO [main] LoginPageTest:58 -  Ending test case
2022-03-23 15:47:47,272  INFO [main] LoginPageTest:59 -  getLoginTestdata 
2022-03-23 15:47:54,845  INFO [main] LoginPageTest:70 -  Browser is closed 
2022-03-23 15:47:54,847  INFO [main] TestBase:40 -  Starting test case execution 
2022-03-23 15:47:59,430  INFO [main] TestBase:69 - entering application URL
2022-03-23 15:47:59,430  WARN [main] TestBase:70 - Hey this is just a warning message
2022-03-23 15:47:59,430 FATAL [main] TestBase:71 - Hey this is just fatal error message
2022-03-23 15:47:59,431 DEBUG [main] TestBase:72 - this is debug message
2022-03-23 15:47:59,438  INFO [main] LoginPageTest:52 -  Starting test case 
2022-03-23 15:47:59,446  INFO [main] LoginPageTest:53 -  getLoginTestdata 
2022-03-23 15:48:07,632  INFO [main] LoginPageTest:70 -  Browser is closed 
2022-03-23 15:48:07,640  INFO [main] TestBase:40 -  Starting test case execution 
2022-03-23 15:48:28,633  INFO [main] TestBase:40 -  Starting test case execution 
2022-03-23 15:48:34,306  INFO [main] TestBase:69 - entering application URL
2022-03-23 15:48:34,306  WARN [main] TestBase:70 - Hey this is just a warning message
2022-03-23 15:48:34,307 FATAL [main] TestBase:71 - Hey this is just fatal error message
2022-03-23 15:48:34,307 DEBUG [main] TestBase:72 - this is debug message
2022-03-23 15:48:34,370  INFO [main] LoginPageTest:52 -  Starting test case 
2022-03-23 15:48:34,371  INFO [main] LoginPageTest:53 -  getLoginTestdata 
2022-03-23 15:48:42,022  INFO [main] LoginPageTest:70 -  Browser is closed 
2022-03-23 15:49:17,671  INFO [main] TestBase:40 -  Starting test case execution 
2022-03-23 15:49:24,000  INFO [main] TestBase:69 - entering application URL
2022-03-23 15:49:24,001  WARN [main] TestBase:70 - Hey this is just a warning message
2022-03-23 15:49:24,002 FATAL [main] TestBase:71 - Hey this is just fatal error message
2022-03-23 15:49:24,002 DEBUG [main] TestBase:72 - this is debug message
2022-03-23 15:49:24,004  INFO [main] LoginPageTest:52 -  Starting test case 
2022-03-23 15:49:24,005  INFO [main] LoginPageTest:53 -  getLoginTestdata 
2022-03-23 15:49:24,316  INFO [main] LoginPageTest:58 -  Ending test case
2022-03-23 15:49:24,316  INFO [main] LoginPageTest:59 -  getLoginTestdata 
2022-03-23 15:49:32,245  INFO [main] LoginPageTest:70 -  Browser is closed 
2022-03-23 15:49:32,249  INFO [main] TestBase:40 -  Starting test case execution 
2022-03-23 15:49:37,173  INFO [main] TestBase:69 - entering application URL
2022-03-23 15:49:37,174  WARN [main] TestBase:70 - Hey this is just a warning message
2022-03-23 15:49:37,174 FATAL [main] TestBase:71 - Hey this is just fatal error message
2022-03-23 15:49:37,174 DEBUG [main] TestBase:72 - this is debug message
2022-03-23 15:49:37,182  INFO [main] LoginPageTest:52 -  Starting test case 
2022-03-23 15:49:37,185  INFO [main] LoginPageTest:53 -  getLoginTestdata 
2022-03-23 15:49:37,537  INFO [main] LoginPageTest:58 -  Ending test case
2022-03-23 15:49:37,538  INFO [main] LoginPageTest:59 -  getLoginTestdata 
2022-03-23 15:49:45,730  INFO [main] LoginPageTest:70 -  Browser is closed 
2022-03-23 15:49:45,733  INFO [main] TestBase:40 -  Starting test case execution 
2022-03-23 15:49:50,363  INFO [main] TestBase:69 - entering application URL
2022-03-23 15:49:50,364  WARN [main] TestBase:70 - Hey this is just a warning message
2022-03-23 15:49:50,365 FATAL [main] TestBase:71 - Hey this is just fatal error message
2022-03-23 15:49:50,365 DEBUG [main] TestBase:72 - this is debug message
2022-03-23 15:49:50,367  INFO [main] LoginPageTest:33 -  Starting test case 
2022-03-23 15:49:50,367  INFO [main] LoginPageTest:34 -  loginPageTitleTest
2022-03-23 15:49:50,374  INFO [main] LoginPageTest:37 - Login Page title is---->Facebook – log in or sign up
2022-03-23 15:49:50,377  INFO [main] LoginPageTest:40 -  Ending test case 
2022-03-23 15:49:50,377  INFO [main] LoginPageTest:41 -  loginPageTitleTest 
2022-03-23 15:49:58,272  INFO [main] LoginPageTest:70 -  Browser is closed 
2022-03-23 15:49:58,608 DEBUG [main] cache:45 - Couldn't find template in cache for "Extent.ftl"("en_US", UTF-8, parsed); will try to load it.
2022-03-23 15:49:58,610 DEBUG [main] cache:45 - TemplateLoader.findTemplateSource("Extent_en_US.ftl"): Not found
2022-03-23 15:49:58,612 DEBUG [main] cache:45 - TemplateLoader.findTemplateSource("Extent_en.ftl"): Not found
2022-03-23 15:49:58,613 DEBUG [main] cache:45 - TemplateLoader.findTemplateSource("Extent.ftl"): Found
2022-03-23 15:49:58,613 DEBUG [main] cache:45 - Loading template for "Extent.ftl"("en_US", UTF-8, parsed) from "jar:file:/C:/Users/user/.m2/repository/com/relevantcodes/extentreports/2.41.2/extentreports-2.41.2.jar!/com/relevantcodes/extentreports/view/Extent.ftl"
2022-03-23 15:49:59,038 DEBUG [main] cache:45 - Couldn't find template in cache for "Extent.ftl"("en_US", UTF-8, parsed); will try to load it.
2022-03-23 15:49:59,039 DEBUG [main] cache:45 - TemplateLoader.findTemplateSource("Extent_en_US.ftl"): Not found
2022-03-23 15:49:59,040 DEBUG [main] cache:45 - TemplateLoader.findTemplateSource("Extent_en.ftl"): Not found
2022-03-23 15:49:59,040 DEBUG [main] cache:45 - TemplateLoader.findTemplateSource("Extent.ftl"): Found
2022-03-23 15:49:59,041 DEBUG [main] cache:45 - Loading template for "Extent.ftl"("en_US", UTF-8, parsed) from "jar:file:/C:/Users/user/.m2/repository/com/relevantcodes/extentreports/2.41.2/extentreports-2.41.2.jar!/com/relevantcodes/extentreports/view/Extent.ftl"
2022-03-23 15:58:08,062  INFO [main] TestBase:40 -  Starting test case execution 
2022-03-23 15:58:14,543  INFO [main] TestBase:69 - entering application URL
2022-03-23 15:58:14,543  WARN [main] TestBase:70 - Hey this is just a warning message
2022-03-23 15:58:14,544 FATAL [main] TestBase:71 - Hey this is just fatal error message
2022-03-23 15:58:14,544 DEBUG [main] TestBase:72 - this is debug message
2022-03-23 15:58:14,583  INFO [main] LoginPageTest:52 -  Starting test case 
2022-03-23 15:58:14,584  INFO [main] LoginPageTest:53 -  getLoginTestdata 
2022-03-23 15:58:14,893  INFO [main] LoginPageTest:58 -  Ending test case
2022-03-23 15:58:14,893  INFO [main] LoginPageTest:59 -  getLoginTestdata 
2022-03-23 15:58:22,980  INFO [main] LoginPageTest:70 -  Browser is closed 
2022-03-23 15:58:22,983  INFO [main] TestBase:40 -  Starting test case execution 
2022-03-23 15:58:28,110  INFO [main] TestBase:69 - entering application URL
2022-03-23 15:58:28,110  WARN [main] TestBase:70 - Hey this is just a warning message
2022-03-23 15:58:28,110 FATAL [main] TestBase:71 - Hey this is just fatal error message
2022-03-23 15:58:28,110 DEBUG [main] TestBase:72 - this is debug message
2022-03-23 15:58:28,112  INFO [main] LoginPageTest:52 -  Starting test case 
2022-03-23 15:58:28,113  INFO [main] LoginPageTest:53 -  getLoginTestdata 
2022-03-23 15:58:28,458  INFO [main] LoginPageTest:58 -  Ending test case
2022-03-23 15:58:28,459  INFO [main] LoginPageTest:59 -  getLoginTestdata 
2022-03-23 15:58:36,475  INFO [main] LoginPageTest:70 -  Browser is closed 
2022-03-23 15:58:36,489  INFO [main] TestBase:40 -  Starting test case execution 
2022-03-23 15:58:41,999  INFO [main] TestBase:69 - entering application URL
2022-03-23 15:58:41,999  WARN [main] TestBase:70 - Hey this is just a warning message
2022-03-23 15:58:41,999 FATAL [main] TestBase:71 - Hey this is just fatal error message
2022-03-23 15:58:41,999 DEBUG [main] TestBase:72 - this is debug message
2022-03-23 15:58:42,001  INFO [main] LoginPageTest:33 -  Starting test case 
2022-03-23 15:58:42,001  INFO [main] LoginPageTest:34 -  loginPageTitleTest
2022-03-23 15:58:42,016  INFO [main] LoginPageTest:37 - Login Page title is---->Facebook – log in or sign up
2022-03-23 15:58:42,018  INFO [main] LoginPageTest:40 -  Ending test case 
2022-03-23 15:58:42,018  INFO [main] LoginPageTest:41 -  loginPageTitleTest 
2022-03-23 15:58:49,923  INFO [main] LoginPageTest:70 -  Browser is closed 
2022-03-23 16:28:56,598  INFO [main] TestBase:40 -  Starting test case execution 
2022-03-23 16:29:05,903  INFO [main] TestBase:69 - entering application URL
2022-03-23 16:29:05,903  WARN [main] TestBase:70 - Hey this is just a warning message
2022-03-23 16:29:05,903 FATAL [main] TestBase:71 - Hey this is just fatal error message
2022-03-23 16:29:05,903 DEBUG [main] TestBase:72 - this is debug message
2022-03-23 16:29:21,658  INFO [main] TestBase:40 -  Starting test case execution 
2022-03-23 16:29:27,648  INFO [main] TestBase:69 - entering application URL
2022-03-23 16:29:27,648  WARN [main] TestBase:70 - Hey this is just a warning message
2022-03-23 16:29:27,648 FATAL [main] TestBase:71 - Hey this is just fatal error message
2022-03-23 16:29:27,648 DEBUG [main] TestBase:72 - this is debug message
2022-03-23 16:29:45,083  INFO [main] TestBase:40 -  Starting test case execution 
2022-03-23 16:29:50,268  INFO [main] TestBase:69 - entering application URL
2022-03-23 16:29:50,268  WARN [main] TestBase:70 - Hey this is just a warning message
2022-03-23 16:29:50,268 FATAL [main] TestBase:71 - Hey this is just fatal error message
2022-03-23 16:29:50,268 DEBUG [main] TestBase:72 - this is debug message
2022-03-23 16:33:50,443  INFO [main] TestBase:40 -  Starting test case execution 
2022-03-23 16:33:58,388  INFO [main] TestBase:69 - entering application URL
2022-03-23 16:33:58,388  WARN [main] TestBase:70 - Hey this is just a warning message
2022-03-23 16:33:58,388 FATAL [main] TestBase:71 - Hey this is just fatal error message
2022-03-23 16:33:58,393 DEBUG [main] TestBase:72 - this is debug message
2022-03-23 16:36:35,584  INFO [main] TestBase:40 -  Starting test case execution 
2022-03-23 16:36:43,043  INFO [main] TestBase:69 - entering application URL
2022-03-23 16:36:43,043  WARN [main] TestBase:70 - Hey this is just a warning message
2022-03-23 16:36:43,043 FATAL [main] TestBase:71 - Hey this is just fatal error message
2022-03-23 16:36:43,043 DEBUG [main] TestBase:72 - this is debug message
2022-03-24 07:10:13,187  INFO [main] TestBase:40 -  Starting test case execution 
2022-03-24 07:10:24,504  INFO [main] TestBase:69 - entering application URL
2022-03-24 07:10:24,505  WARN [main] TestBase:70 - Hey this is just a warning message
2022-03-24 07:10:24,505 FATAL [main] TestBase:71 - Hey this is just fatal error message
2022-03-24 07:10:24,505 DEBUG [main] TestBase:72 - this is debug message
2022-03-24 07:10:46,900  INFO [main] TestBase:40 -  Starting test case execution 
2022-03-24 07:10:52,494  INFO [main] TestBase:69 - entering application URL
2022-03-24 07:10:52,495  WARN [main] TestBase:70 - Hey this is just a warning message
2022-03-24 07:10:52,495 FATAL [main] TestBase:71 - Hey this is just fatal error message
2022-03-24 07:10:52,496 DEBUG [main] TestBase:72 - this is debug message
2022-03-24 07:19:44,478  INFO [main] TestBase:40 -  Starting test case execution 
2022-03-24 07:19:53,313  INFO [main] TestBase:69 - entering application URL
2022-03-24 07:19:53,314  WARN [main] TestBase:70 - Hey this is just a warning message
2022-03-24 07:19:53,314 FATAL [main] TestBase:71 - Hey this is just fatal error message
2022-03-24 07:19:53,315 DEBUG [main] TestBase:72 - this is debug message
2022-03-24 07:25:27,385  INFO [main] TestBase:40 -  Starting test case execution 
2022-03-24 07:25:34,325  INFO [main] TestBase:69 - entering application URL
2022-03-24 07:25:34,326  WARN [main] TestBase:70 - Hey this is just a warning message
2022-03-24 07:25:34,326 FATAL [main] TestBase:71 - Hey this is just fatal error message
2022-03-24 07:25:34,327 DEBUG [main] TestBase:72 - this is debug message
2022-03-24 07:30:03,932  INFO [main] TestBase:40 -  Starting test case execution 
2022-03-24 07:30:12,096  INFO [main] TestBase:69 - entering application URL
2022-03-24 07:30:12,097  WARN [main] TestBase:70 - Hey this is just a warning message
2022-03-24 07:30:12,097 FATAL [main] TestBase:71 - Hey this is just fatal error message
2022-03-24 07:30:12,098 DEBUG [main] TestBase:72 - this is debug message
2022-03-24 07:34:31,449  INFO [main] TestBase:40 -  Starting test case execution 
2022-03-24 07:34:39,456  INFO [main] TestBase:69 - entering application URL
2022-03-24 07:34:39,457  WARN [main] TestBase:70 - Hey this is just a warning message
2022-03-24 07:34:39,458 FATAL [main] TestBase:71 - Hey this is just fatal error message
2022-03-24 07:34:39,458 DEBUG [main] TestBase:72 - this is debug message
2022-03-24 07:37:21,976  INFO [main] TestBase:40 -  Starting test case execution 
2022-03-24 07:37:29,851  INFO [main] TestBase:69 - entering application URL
2022-03-24 07:37:29,854  WARN [main] TestBase:70 - Hey this is just a warning message
2022-03-24 07:37:29,856 FATAL [main] TestBase:71 - Hey this is just fatal error message
2022-03-24 07:37:29,857 DEBUG [main] TestBase:72 - this is debug message
2022-03-24 07:38:50,740  INFO [main] TestBase:40 -  Starting test case execution 
2022-03-24 07:38:58,349  INFO [main] TestBase:69 - entering application URL
2022-03-24 07:38:58,350  WARN [main] TestBase:70 - Hey this is just a warning message
2022-03-24 07:38:58,352 FATAL [main] TestBase:71 - Hey this is just fatal error message
2022-03-24 07:38:58,352 DEBUG [main] TestBase:72 - this is debug message
2022-03-24 07:41:01,753  INFO [main] TestBase:40 -  Starting test case execution 
2022-03-24 07:41:09,967  INFO [main] TestBase:69 - entering application URL
2022-03-24 07:41:09,970  WARN [main] TestBase:70 - Hey this is just a warning message
2022-03-24 07:41:09,974 FATAL [main] TestBase:71 - Hey this is just fatal error message
2022-03-24 07:41:09,975 DEBUG [main] TestBase:72 - this is debug message
2022-03-24 22:37:24,884  INFO [main] TestBase:40 -  Starting test case execution 
2022-03-24 22:37:37,825  INFO [main] TestBase:69 - entering application URL
2022-03-24 22:37:37,827  WARN [main] TestBase:70 - Hey this is just a warning message
2022-03-24 22:37:37,827 FATAL [main] TestBase:71 - Hey this is just fatal error message
2022-03-24 22:37:37,828 DEBUG [main] TestBase:72 - this is debug message
2022-03-24 22:37:58,080  INFO [main] TestBase:40 -  Starting test case execution 
2022-03-24 22:38:03,502  INFO [main] TestBase:69 - entering application URL
2022-03-24 22:38:03,502  WARN [main] TestBase:70 - Hey this is just a warning message
2022-03-24 22:38:03,502 FATAL [main] TestBase:71 - Hey this is just fatal error message
2022-03-24 22:38:03,503 DEBUG [main] TestBase:72 - this is debug message
2022-03-24 22:38:22,499  INFO [main] TestBase:40 -  Starting test case execution 
2022-03-24 22:38:28,428  INFO [main] TestBase:69 - entering application URL
2022-03-24 22:38:28,429  WARN [main] TestBase:70 - Hey this is just a warning message
2022-03-24 22:38:28,430 FATAL [main] TestBase:71 - Hey this is just fatal error message
2022-03-24 22:38:28,431 DEBUG [main] TestBase:72 - this is debug message
2022-03-24 22:38:47,670  INFO [main] TestBase:40 -  Starting test case execution 
2022-03-24 22:43:21,148  INFO [main] TestBase:40 -  Starting test case execution 
2022-03-24 22:43:29,337  INFO [main] TestBase:69 - entering application URL
2022-03-24 22:43:29,338  WARN [main] TestBase:70 - Hey this is just a warning message
2022-03-24 22:43:29,339 FATAL [main] TestBase:71 - Hey this is just fatal error message
2022-03-24 22:43:29,339 DEBUG [main] TestBase:72 - this is debug message
2022-03-24 22:43:49,074  INFO [main] TestBase:40 -  Starting test case execution 
2022-03-24 22:43:55,511  INFO [main] TestBase:69 - entering application URL
2022-03-24 22:43:55,512  WARN [main] TestBase:70 - Hey this is just a warning message
2022-03-24 22:43:55,514 FATAL [main] TestBase:71 - Hey this is just fatal error message
2022-03-24 22:43:55,515 DEBUG [main] TestBase:72 - this is debug message
2022-03-24 22:51:28,417  INFO [main] TestBase:40 -  Starting test case execution 
2022-03-24 22:51:39,598  INFO [main] TestBase:69 - entering application URL
2022-03-24 22:51:39,598  WARN [main] TestBase:70 - Hey this is just a warning message
2022-03-24 22:51:39,599 FATAL [main] TestBase:71 - Hey this is just fatal error message
2022-03-24 22:51:39,599 DEBUG [main] TestBase:72 - this is debug message
2022-03-24 22:53:04,185  INFO [main] TestBase:40 -  Starting test case execution 
2022-03-24 22:53:12,109  INFO [main] TestBase:69 - entering application URL
2022-03-24 22:53:12,110  WARN [main] TestBase:70 - Hey this is just a warning message
2022-03-24 22:53:12,111 FATAL [main] TestBase:71 - Hey this is just fatal error message
2022-03-24 22:53:12,112 DEBUG [main] TestBase:72 - this is debug message
2022-03-25 00:13:38,596  INFO [main] TestBase:40 -  Starting test case execution 
2022-03-25 00:13:47,379  INFO [main] TestBase:69 - entering application URL
2022-03-25 00:13:47,380  WARN [main] TestBase:70 - Hey this is just a warning message
2022-03-25 00:13:47,382 FATAL [main] TestBase:71 - Hey this is just fatal error message
2022-03-25 00:13:47,384 DEBUG [main] TestBase:72 - this is debug message
2022-03-25 00:18:50,170  INFO [main] TestBase:40 -  Starting test case execution 
2022-03-25 00:18:57,964  INFO [main] TestBase:69 - entering application URL
2022-03-25 00:18:57,964  WARN [main] TestBase:70 - Hey this is just a warning message
2022-03-25 00:18:57,965 FATAL [main] TestBase:71 - Hey this is just fatal error message
2022-03-25 00:18:57,966 DEBUG [main] TestBase:72 - this is debug message
2022-03-25 00:21:09,961  INFO [main] TestBase:40 -  Starting test case execution 
2022-03-25 00:21:17,849  INFO [main] TestBase:69 - entering application URL
2022-03-25 00:21:17,850  WARN [main] TestBase:70 - Hey this is just a warning message
2022-03-25 00:21:17,850 FATAL [main] TestBase:71 - Hey this is just fatal error message
2022-03-25 00:21:17,851 DEBUG [main] TestBase:72 - this is debug message
2022-03-25 00:22:17,069  INFO [main] TestBase:40 -  Starting test case execution 
2022-03-25 00:22:25,586  INFO [main] TestBase:69 - entering application URL
2022-03-25 00:22:25,587  WARN [main] TestBase:70 - Hey this is just a warning message
2022-03-25 00:22:25,589 FATAL [main] TestBase:71 - Hey this is just fatal error message
2022-03-25 00:22:25,590 DEBUG [main] TestBase:72 - this is debug message
2022-03-25 00:23:43,584  INFO [main] TestBase:40 -  Starting test case execution 
2022-03-25 00:23:51,253  INFO [main] TestBase:69 - entering application URL
2022-03-25 00:23:51,253  WARN [main] TestBase:70 - Hey this is just a warning message
2022-03-25 00:23:51,254 FATAL [main] TestBase:71 - Hey this is just fatal error message
2022-03-25 00:23:51,254 DEBUG [main] TestBase:72 - this is debug message
2022-03-25 00:24:48,292  INFO [main] TestBase:40 -  Starting test case execution 
2022-03-25 00:24:56,611  INFO [main] TestBase:69 - entering application URL
2022-03-25 00:24:56,612  WARN [main] TestBase:70 - Hey this is just a warning message
2022-03-25 00:24:56,613 FATAL [main] TestBase:71 - Hey this is just fatal error message
2022-03-25 00:24:56,613 DEBUG [main] TestBase:72 - this is debug message
2022-03-25 00:25:31,753  INFO [main] TestBase:40 -  Starting test case execution 
2022-03-25 00:25:39,373  INFO [main] TestBase:69 - entering application URL
2022-03-25 00:25:39,374  WARN [main] TestBase:70 - Hey this is just a warning message
2022-03-25 00:25:39,374 FATAL [main] TestBase:71 - Hey this is just fatal error message
2022-03-25 00:25:39,375 DEBUG [main] TestBase:72 - this is debug message
2022-03-25 00:25:56,844  INFO [main] TestBase:40 -  Starting test case execution 
2022-03-25 00:26:03,067  INFO [main] TestBase:69 - entering application URL
2022-03-25 00:26:03,068  WARN [main] TestBase:70 - Hey this is just a warning message
2022-03-25 00:26:03,068 FATAL [main] TestBase:71 - Hey this is just fatal error message
2022-03-25 00:26:03,070 DEBUG [main] TestBase:72 - this is debug message
2022-03-25 00:26:22,957  INFO [main] TestBase:40 -  Starting test case execution 
2022-03-25 00:26:29,023  INFO [main] TestBase:69 - entering application URL
2022-03-25 00:26:29,024  WARN [main] TestBase:70 - Hey this is just a warning message
2022-03-25 00:26:29,025 FATAL [main] TestBase:71 - Hey this is just fatal error message
2022-03-25 00:26:29,025 DEBUG [main] TestBase:72 - this is debug message
2022-03-25 00:27:04,655  INFO [main] TestBase:40 -  Starting test case execution 
2022-03-25 00:27:10,426  INFO [main] TestBase:69 - entering application URL
2022-03-25 00:27:10,427  WARN [main] TestBase:70 - Hey this is just a warning message
2022-03-25 00:27:10,428 FATAL [main] TestBase:71 - Hey this is just fatal error message
2022-03-25 00:27:10,428 DEBUG [main] TestBase:72 - this is debug message
2022-03-25 00:27:30,914  INFO [main] TestBase:40 -  Starting test case execution 
2022-03-25 00:27:36,519  INFO [main] TestBase:69 - entering application URL
2022-03-25 00:27:36,520  WARN [main] TestBase:70 - Hey this is just a warning message
2022-03-25 00:27:36,520 FATAL [main] TestBase:71 - Hey this is just fatal error message
2022-03-25 00:27:36,520 DEBUG [main] TestBase:72 - this is debug message
2022-03-25 00:27:57,806  INFO [main] TestBase:40 -  Starting test case execution 
2022-03-25 00:28:11,183  INFO [main] TestBase:40 -  Starting test case execution 
2022-03-25 00:28:19,611  INFO [main] TestBase:69 - entering application URL
2022-03-25 00:28:19,612  WARN [main] TestBase:70 - Hey this is just a warning message
2022-03-25 00:28:19,612 FATAL [main] TestBase:71 - Hey this is just fatal error message
2022-03-25 00:28:19,612 DEBUG [main] TestBase:72 - this is debug message
2022-03-25 00:28:43,715  INFO [main] TestBase:40 -  Starting test case execution 
2022-03-25 00:28:50,672  INFO [main] TestBase:69 - entering application URL
2022-03-25 00:28:50,673  WARN [main] TestBase:70 - Hey this is just a warning message
2022-03-25 00:28:50,673 FATAL [main] TestBase:71 - Hey this is just fatal error message
2022-03-25 00:28:50,673 DEBUG [main] TestBase:72 - this is debug message
2022-03-25 00:31:57,638  INFO [main] TestBase:40 -  Starting test case execution 
2022-03-25 00:32:06,469  INFO [main] TestBase:69 - entering application URL
2022-03-25 00:32:06,471  WARN [main] TestBase:70 - Hey this is just a warning message
2022-03-25 00:32:06,472 FATAL [main] TestBase:71 - Hey this is just fatal error message
2022-03-25 00:32:06,474 DEBUG [main] TestBase:72 - this is debug message
2022-03-25 00:35:26,903  INFO [main] TestBase:40 -  Starting test case execution 
2022-03-25 00:35:36,080  INFO [main] TestBase:69 - entering application URL
2022-03-25 00:35:36,081  WARN [main] TestBase:70 - Hey this is just a warning message
2022-03-25 00:35:36,083 FATAL [main] TestBase:71 - Hey this is just fatal error message
2022-03-25 00:35:36,084 DEBUG [main] TestBase:72 - this is debug message
2022-03-25 01:13:57,647  INFO [main] TestBase:40 -  Starting test case execution 
2022-03-25 01:14:09,138  INFO [main] TestBase:69 - entering application URL
2022-03-25 01:14:09,138  WARN [main] TestBase:70 - Hey this is just a warning message
2022-03-25 01:14:09,139 FATAL [main] TestBase:71 - Hey this is just fatal error message
2022-03-25 01:14:09,139 DEBUG [main] TestBase:72 - this is debug message
2022-03-25 01:17:29,248  INFO [main] TestBase:40 -  Starting test case execution 
2022-03-25 01:17:36,012  INFO [main] TestBase:69 - entering application URL
2022-03-25 01:17:36,013  WARN [main] TestBase:70 - Hey this is just a warning message
2022-03-25 01:17:36,013 FATAL [main] TestBase:71 - Hey this is just fatal error message
2022-03-25 01:17:36,014 DEBUG [main] TestBase:72 - this is debug message
2022-03-25 01:18:37,981  INFO [main] TestBase:40 -  Starting test case execution 
2022-03-25 01:18:44,561  INFO [main] TestBase:69 - entering application URL
2022-03-25 01:18:44,562  WARN [main] TestBase:70 - Hey this is just a warning message
2022-03-25 01:18:44,563 FATAL [main] TestBase:71 - Hey this is just fatal error message
2022-03-25 01:18:44,563 DEBUG [main] TestBase:72 - this is debug message
2022-03-25 01:19:31,017  INFO [main] TestBase:40 -  Starting test case execution 
2022-03-25 01:19:37,946  INFO [main] TestBase:69 - entering application URL
2022-03-25 01:19:37,946  WARN [main] TestBase:70 - Hey this is just a warning message
2022-03-25 01:19:37,947 FATAL [main] TestBase:71 - Hey this is just fatal error message
2022-03-25 01:19:37,947 DEBUG [main] TestBase:72 - this is debug message
2022-03-25 01:29:33,258  INFO [main] TestBase:40 -  Starting test case execution 
2022-03-25 01:29:40,019  INFO [main] TestBase:69 - entering application URL
2022-03-25 01:29:40,020  WARN [main] TestBase:70 - Hey this is just a warning message
2022-03-25 01:29:40,020 FATAL [main] TestBase:71 - Hey this is just fatal error message
2022-03-25 01:29:40,021 DEBUG [main] TestBase:72 - this is debug message
2022-03-25 01:30:56,706  INFO [main] TestBase:40 -  Starting test case execution 
2022-03-25 01:31:03,230  INFO [main] TestBase:69 - entering application URL
2022-03-25 01:31:03,230  WARN [main] TestBase:70 - Hey this is just a warning message
2022-03-25 01:31:03,231 FATAL [main] TestBase:71 - Hey this is just fatal error message
2022-03-25 01:31:03,232 DEBUG [main] TestBase:72 - this is debug message
2022-03-25 07:01:52,853  INFO [main] TestBase:40 -  Starting test case execution 
2022-03-25 07:02:04,674  INFO [main] TestBase:69 - entering application URL
2022-03-25 07:02:04,674  WARN [main] TestBase:70 - Hey this is just a warning message
2022-03-25 07:02:04,675 FATAL [main] TestBase:71 - Hey this is just fatal error message
2022-03-25 07:02:04,675 DEBUG [main] TestBase:72 - this is debug message
2022-03-25 07:02:49,440  INFO [main] TestBase:40 -  Starting test case execution 
2022-03-25 07:03:02,317  INFO [main] TestBase:69 - entering application URL
2022-03-25 07:03:02,319  WARN [main] TestBase:70 - Hey this is just a warning message
2022-03-25 07:03:02,320 FATAL [main] TestBase:71 - Hey this is just fatal error message
2022-03-25 07:03:02,321 DEBUG [main] TestBase:72 - this is debug message
2022-03-25 07:09:40,937  INFO [main] TestBase:40 -  Starting test case execution 
2022-03-25 07:09:48,829  INFO [main] TestBase:69 - entering application URL
2022-03-25 07:09:48,830  WARN [main] TestBase:70 - Hey this is just a warning message
2022-03-25 07:09:48,831 FATAL [main] TestBase:71 - Hey this is just fatal error message
2022-03-25 07:09:48,832 DEBUG [main] TestBase:72 - this is debug message
2022-03-25 07:57:59,770  INFO [main] TestBase:40 -  Starting test case execution 
2022-03-25 07:58:08,361  INFO [main] TestBase:69 - entering application URL
2022-03-25 07:58:08,362  WARN [main] TestBase:70 - Hey this is just a warning message
2022-03-25 07:58:08,363 FATAL [main] TestBase:71 - Hey this is just fatal error message
2022-03-25 07:58:08,363 DEBUG [main] TestBase:72 - this is debug message
2022-03-25 07:58:22,644  INFO [main] TestBase:40 -  Starting test case execution 
2022-03-25 07:58:28,133  INFO [main] TestBase:69 - entering application URL
2022-03-25 07:58:28,134  WARN [main] TestBase:70 - Hey this is just a warning message
2022-03-25 07:58:28,134 FATAL [main] TestBase:71 - Hey this is just fatal error message
2022-03-25 07:58:28,135 DEBUG [main] TestBase:72 - this is debug message
2022-03-25 07:58:41,511  INFO [main] TestBase:40 -  Starting test case execution 
2022-03-25 07:58:46,861  INFO [main] TestBase:69 - entering application URL
2022-03-25 07:58:46,862  WARN [main] TestBase:70 - Hey this is just a warning message
2022-03-25 07:58:46,862 FATAL [main] TestBase:71 - Hey this is just fatal error message
2022-03-25 07:58:46,862 DEBUG [main] TestBase:72 - this is debug message
2022-03-25 07:58:58,682  INFO [main] TestBase:40 -  Starting test case execution 
2022-03-25 07:59:04,198  INFO [main] TestBase:69 - entering application URL
2022-03-25 07:59:04,199  WARN [main] TestBase:70 - Hey this is just a warning message
2022-03-25 07:59:04,201 FATAL [main] TestBase:71 - Hey this is just fatal error message
2022-03-25 07:59:04,201 DEBUG [main] TestBase:72 - this is debug message
2022-03-25 07:59:21,113  INFO [main] TestBase:40 -  Starting test case execution 
2022-03-25 07:59:27,200  INFO [main] TestBase:69 - entering application URL
2022-03-25 07:59:27,202  WARN [main] TestBase:70 - Hey this is just a warning message
2022-03-25 07:59:27,203 FATAL [main] TestBase:71 - Hey this is just fatal error message
2022-03-25 07:59:27,204 DEBUG [main] TestBase:72 - this is debug message
2022-03-25 07:59:44,448  INFO [main] TestBase:40 -  Starting test case execution 
2022-03-25 07:59:50,797  INFO [main] TestBase:69 - entering application URL
2022-03-25 07:59:50,798  WARN [main] TestBase:70 - Hey this is just a warning message
2022-03-25 07:59:50,798 FATAL [main] TestBase:71 - Hey this is just fatal error message
2022-03-25 07:59:50,799 DEBUG [main] TestBase:72 - this is debug message
2022-03-25 15:23:31,960  INFO [main] TestBase:40 -  Starting test case execution 
2022-03-25 15:23:44,011  INFO [main] TestBase:69 - entering application URL
2022-03-25 15:23:44,013  WARN [main] TestBase:70 - Hey this is just a warning message
2022-03-25 15:23:44,014 FATAL [main] TestBase:71 - Hey this is just fatal error message
2022-03-25 15:23:44,015 DEBUG [main] TestBase:72 - this is debug message
2022-03-25 15:38:42,434  INFO [main] TestBase:40 -  Starting test case execution 
2022-03-25 15:38:50,248  INFO [main] TestBase:69 - entering application URL
2022-03-25 15:38:50,249  WARN [main] TestBase:70 - Hey this is just a warning message
2022-03-25 15:38:50,249 FATAL [main] TestBase:71 - Hey this is just fatal error message
2022-03-25 15:38:50,250 DEBUG [main] TestBase:72 - this is debug message
2022-03-25 16:18:34,912  INFO [main] TestBase:40 -  Starting test case execution 
2022-03-25 16:18:44,076  INFO [main] TestBase:69 - entering application URL
2022-03-25 16:18:44,078  WARN [main] TestBase:70 - Hey this is just a warning message
2022-03-25 16:18:44,079 FATAL [main] TestBase:71 - Hey this is just fatal error message
2022-03-25 16:18:44,079 DEBUG [main] TestBase:72 - this is debug message
